2015-08-12 12:48:20,511 [http-bio-8080-exec-1] ERROR StackTrace  - Full Stack Trace:
org.codehaus.groovy.control.MultipleCompilationErrorsException: startup failed:
/home/rogerio/trabalho/greforco/grails-app/conf/Config.groovy: 138: Unexpected node type: EXPR found when expecting type: LABELED_ARG at line: 138 column: 5. File: /home/rogerio/trabalho/greforco/grails-app/conf/Config.groovy @ line 138, column 5.
       '/course/**' ['ROLE_ADMIN']
       ^

1 error

	at org.codehaus.groovy.control.ErrorCollector.failIfErrors(ErrorCollector.java:309)
	at org.codehaus.groovy.control.CompilationUnit.applyToSourceUnits(CompilationUnit.java:938)
	at org.codehaus.groovy.control.CompilationUnit.doPhaseOperation(CompilationUnit.java:585)
	at org.codehaus.groovy.control.CompilationUnit.processPhaseOperations(CompilationUnit.java:561)
	at org.codehaus.groovy.control.CompilationUnit.compile(CompilationUnit.java:538)
	at org.codehaus.groovy.control.CompilationUnit.compile(CompilationUnit.java:517)
	at org.codehaus.groovy.tools.FileSystemCompiler.compile(FileSystemCompiler.java:59)
	at org.codehaus.groovy.tools.FileSystemCompiler.doCompilation(FileSystemCompiler.java:215)
	at org.codehaus.groovy.ant.Groovyc.runCompiler(Groovyc.java:1161)
	at org.codehaus.groovy.ant.Groovyc.compile(Groovyc.java:1212)
	at org.codehaus.groovy.grails.compiler.Grailsc.compile(Grailsc.java:78)
	at org.codehaus.groovy.ant.Groovyc.execute(Groovyc.java:827)
	at org.apache.tools.ant.UnknownElement.execute(UnknownElement.java:291)
	at sun.reflect.GeneratedMethodAccessor261.invoke(Unknown Source)
	at sun.reflect.DelegatingMethodAccessorImpl.invoke(DelegatingMethodAccessorImpl.java:43)
	at java.lang.reflect.Method.invoke(Method.java:606)
	at org.springsource.loaded.ri.ReflectiveInterceptor.jlrMethodInvoke(ReflectiveInterceptor.java:1270)
	at org.apache.tools.ant.dispatch.DispatchUtils.execute(DispatchUtils.java:106)
	at groovy.util.AntBuilder.performTask(AntBuilder.java:319)
	at groovy.util.AntBuilder.nodeCompleted(AntBuilder.java:264)
	at groovy.util.BuilderSupport.doInvokeMethod(BuilderSupport.java:147)
	at groovy.util.AntBuilder.doInvokeMethod(AntBuilder.java:203)
	at groovy.util.BuilderSupport.invokeMethod(BuilderSupport.java:64)
	at org.codehaus.groovy.runtime.callsite.PogoMetaClassSite.call(PogoMetaClassSite.java:45)
	at org.codehaus.groovy.runtime.callsite.AbstractCallSite.call(AbstractCallSite.java:120)
	at org.codehaus.groovy.grails.project.compiler.GrailsProjectCompiler.compile(GrailsProjectCompiler.groovy:298)
	at org.codehaus.groovy.grails.project.compiler.GrailsProjectCompiler$compile$3.callCurrent(Unknown Source)
	at org.codehaus.groovy.grails.project.compiler.GrailsProjectCompiler.compile(GrailsProjectCompiler.groovy:265)
	at org.codehaus.groovy.grails.project.compiler.GrailsProjectCompiler.compileAll(GrailsProjectCompiler.groovy:256)
	at org.codehaus.groovy.grails.project.compiler.GrailsProjectWatcher.compileIfSource(GrailsProjectWatcher.java:262)
	at org.codehaus.groovy.grails.project.compiler.GrailsProjectWatcher.access$300(GrailsProjectWatcher.java:48)
	at org.codehaus.groovy.grails.project.compiler.GrailsProjectWatcher$1.onChange(GrailsProjectWatcher.java:136)
	at org.codehaus.groovy.grails.compiler.AbstractDirectoryWatcher.fireOnChange(AbstractDirectoryWatcher.java:70)
	at org.codehaus.groovy.grails.compiler.WatchServiceDirectoryWatcher.run(WatchServiceDirectoryWatcher.java:106)
	at org.codehaus.groovy.grails.compiler.DirectoryWatcher.run(DirectoryWatcher.java:154)
	at org.codehaus.groovy.grails.project.compiler.GrailsProjectWatcher.run(GrailsProjectWatcher.java:161)
	at java_lang_Runnable$run.call(Unknown Source)
	at org.codehaus.groovy.runtime.callsite.CallSiteArray.defaultCall(CallSiteArray.java:45)
	at org.codehaus.groovy.runtime.callsite.AbstractCallSite.call(AbstractCallSite.java:108)
	at org.codehaus.groovy.runtime.callsite.AbstractCallSite.call(AbstractCallSite.java:112)
	at org.codehaus.groovy.grails.cli.fork.ForkedGrailsProcess.startProjectWatcher(ForkedGrailsProcess.groovy:748)
	at sun.reflect.NativeMethodAccessorImpl.invoke0(Native Method)
	at sun.reflect.NativeMethodAccessorImpl.invoke(NativeMethodAccessorImpl.java:57)
	at sun.reflect.DelegatingMethodAccessorImpl.invoke(DelegatingMethodAccessorImpl.java:43)
	at java.lang.reflect.Method.invoke(Method.java:606)
	at org.springsource.loaded.ri.ReflectiveInterceptor.jlrMethodInvoke(ReflectiveInterceptor.java:1270)
	at org.codehaus.groovy.reflection.CachedMethod.invoke(CachedMethod.java:90)
	at groovy.lang.MetaMethod.doMethodInvoke(MetaMethod.java:324)
	at groovy.lang.MetaClassImpl.invokeMethod(MetaClassImpl.java:1206)
	at groovy.lang.MetaClassImpl.invokeMethod(MetaClassImpl.java:1015)
	at groovy.lang.MetaClassImpl.invokeMethod(MetaClassImpl.java:1151)
	at groovy.lang.ExpandoMetaClass.invokeMethod(ExpandoMetaClass.java:1120)
	at groovy.lang.MetaClassImpl.invokeMethod(MetaClassImpl.java:1015)
	at org.codehaus.groovy.runtime.callsite.PogoMetaClassSite.callCurrent(PogoMetaClassSite.java:66)
	at org.codehaus.groovy.runtime.callsite.CallSiteArray.defaultCallCurrent(CallSiteArray.java:49)
	at org.codehaus.groovy.runtime.callsite.AbstractCallSite.callCurrent(AbstractCallSite.java:133)
	at org.codehaus.groovy.runtime.callsite.AbstractCallSite.callCurrent(AbstractCallSite.java:145)
	at org.codehaus.groovy.grails.cli.fork.ForkedGrailsProcess$_setupReloading_closure17.doCall(ForkedGrailsProcess.groovy:737)
	at org.codehaus.groovy.grails.cli.fork.ForkedGrailsProcess$_setupReloading_closure17.doCall(ForkedGrailsProcess.groovy)
	at sun.reflect.NativeMethodAccessorImpl.invoke0(Native Method)
	at sun.reflect.NativeMethodAccessorImpl.invoke(NativeMethodAccessorImpl.java:57)
	at sun.reflect.DelegatingMethodAccessorImpl.invoke(DelegatingMethodAccessorImpl.java:43)
	at java.lang.reflect.Method.invoke(Method.java:606)
	at org.springsource.loaded.ri.ReflectiveInterceptor.jlrMethodInvoke(ReflectiveInterceptor.java:1270)
	at org.codehaus.groovy.reflection.CachedMethod.invoke(CachedMethod.java:90)
	at groovy.lang.MetaMethod.doMethodInvoke(MetaMethod.java:324)
	at groovy.lang.MetaClassImpl.invokeMethod(MetaClassImpl.java:1206)
	at groovy.lang.ExpandoMetaClass.invokeMethod(ExpandoMetaClass.java:1120)
	at groovy.lang.MetaClassImpl.invokeMethod(MetaClassImpl.java:1015)
	at groovy.lang.Closure.call(Closure.java:423)
	at groovy.lang.Closure.call(Closure.java:417)
	at groovy.lang.Closure.run(Closure.java:504)
	at java.lang.Thread.run(Thread.java:745)
2015-08-12 12:48:20,516 [http-bio-8080-exec-1] ERROR StackTrace  - Full Stack Trace:
org.codehaus.groovy.control.MultipleCompilationErrorsException: startup failed:
/home/rogerio/trabalho/greforco/grails-app/conf/Config.groovy: 138: Unexpected node type: EXPR found when expecting type: LABELED_ARG at line: 138 column: 5. File: /home/rogerio/trabalho/greforco/grails-app/conf/Config.groovy @ line 138, column 5.
       '/course/**' ['ROLE_ADMIN']
       ^

1 error

	at org.codehaus.groovy.control.ErrorCollector.failIfErrors(ErrorCollector.java:309)
	at org.codehaus.groovy.control.CompilationUnit.applyToSourceUnits(CompilationUnit.java:938)
	at org.codehaus.groovy.control.CompilationUnit.doPhaseOperation(CompilationUnit.java:585)
	at org.codehaus.groovy.control.CompilationUnit.processPhaseOperations(CompilationUnit.java:561)
	at org.codehaus.groovy.control.CompilationUnit.compile(CompilationUnit.java:538)
	at org.codehaus.groovy.control.CompilationUnit.compile(CompilationUnit.java:517)
	at org.codehaus.groovy.tools.FileSystemCompiler.compile(FileSystemCompiler.java:59)
	at org.codehaus.groovy.tools.FileSystemCompiler.doCompilation(FileSystemCompiler.java:215)
	at org.codehaus.groovy.ant.Groovyc.runCompiler(Groovyc.java:1161)
	at org.codehaus.groovy.ant.Groovyc.compile(Groovyc.java:1212)
	at org.codehaus.groovy.ant.Groovyc.execute(Groovyc.java:827)
	at org.apache.tools.ant.UnknownElement.execute(UnknownElement.java:291)
	at org.apache.tools.ant.dispatch.DispatchUtils.execute(DispatchUtils.java:106)
	at java.lang.Thread.run(Thread.java:745)
2015-08-12 12:48:20,561 [http-bio-8080-exec-1] ERROR StackTrace  - Full Stack Trace:
org.codehaus.groovy.control.MultipleCompilationErrorsException: startup failed:
/home/rogerio/trabalho/greforco/grails-app/conf/Config.groovy: 138: Unexpected node type: EXPR found when expecting type: LABELED_ARG at line: 138 column: 5. File: /home/rogerio/trabalho/greforco/grails-app/conf/Config.groovy @ line 138, column 5.
       '/course/**' ['ROLE_ADMIN']
       ^

1 error

	at org.codehaus.groovy.control.ErrorCollector.failIfErrors(ErrorCollector.java:309)
	at org.codehaus.groovy.control.CompilationUnit.applyToSourceUnits(CompilationUnit.java:938)
	at org.codehaus.groovy.control.CompilationUnit.doPhaseOperation(CompilationUnit.java:585)
	at org.codehaus.groovy.control.CompilationUnit.processPhaseOperations(CompilationUnit.java:561)
	at org.codehaus.groovy.control.CompilationUnit.compile(CompilationUnit.java:538)
	at org.codehaus.groovy.control.CompilationUnit.compile(CompilationUnit.java:517)
	at org.codehaus.groovy.tools.FileSystemCompiler.compile(FileSystemCompiler.java:59)
	at org.codehaus.groovy.tools.FileSystemCompiler.doCompilation(FileSystemCompiler.java:215)
	at org.codehaus.groovy.ant.Groovyc.runCompiler(Groovyc.java:1161)
	at org.codehaus.groovy.ant.Groovyc.compile(Groovyc.java:1212)
	at org.codehaus.groovy.ant.Groovyc.execute(Groovyc.java:827)
	at org.apache.tools.ant.UnknownElement.execute(UnknownElement.java:291)
	at org.apache.tools.ant.dispatch.DispatchUtils.execute(DispatchUtils.java:106)
	at java.lang.Thread.run(Thread.java:745)
2015-08-12 12:48:20,561 [http-bio-8080-exec-1] ERROR StackTrace  - Full Stack Trace:
org.codehaus.groovy.control.MultipleCompilationErrorsException: startup failed:
/home/rogerio/trabalho/greforco/grails-app/conf/Config.groovy: 138: Unexpected node type: EXPR found when expecting type: LABELED_ARG at line: 138 column: 5. File: /home/rogerio/trabalho/greforco/grails-app/conf/Config.groovy @ line 138, column 5.
       '/course/**' ['ROLE_ADMIN']
       ^

1 error

	at org.codehaus.groovy.control.ErrorCollector.failIfErrors(ErrorCollector.java:309)
	at org.codehaus.groovy.control.CompilationUnit.applyToSourceUnits(CompilationUnit.java:938)
	at org.codehaus.groovy.control.CompilationUnit.doPhaseOperation(CompilationUnit.java:585)
	at org.codehaus.groovy.control.CompilationUnit.processPhaseOperations(CompilationUnit.java:561)
	at org.codehaus.groovy.control.CompilationUnit.compile(CompilationUnit.java:538)
	at org.codehaus.groovy.control.CompilationUnit.compile(CompilationUnit.java:517)
	at org.codehaus.groovy.tools.FileSystemCompiler.compile(FileSystemCompiler.java:59)
	at org.codehaus.groovy.tools.FileSystemCompiler.doCompilation(FileSystemCompiler.java:215)
	at org.codehaus.groovy.ant.Groovyc.runCompiler(Groovyc.java:1161)
	at org.codehaus.groovy.ant.Groovyc.compile(Groovyc.java:1212)
	at org.codehaus.groovy.ant.Groovyc.execute(Groovyc.java:827)
	at org.apache.tools.ant.UnknownElement.execute(UnknownElement.java:291)
	at org.apache.tools.ant.dispatch.DispatchUtils.execute(DispatchUtils.java:106)
	at java.lang.Thread.run(Thread.java:745)
2015-08-12 16:15:23,103 [localhost-startStop-1] ERROR StackTrace  - Full Stack Trace:
java.lang.NullPointerException
	at org.hibernate.type.descriptor.java.AbstractTypeDescriptor.extractHashCode(AbstractTypeDescriptor.java:84)
	at org.hibernate.type.AbstractStandardBasicType.getHashCode(AbstractStandardBasicType.java:216)
	at org.hibernate.type.AbstractStandardBasicType.getHashCode(AbstractStandardBasicType.java:220)
	at org.hibernate.type.EntityType.getHashCode(EntityType.java:391)
	at org.hibernate.type.ComponentType.getHashCode(ComponentType.java:258)
	at org.hibernate.engine.spi.EntityKey.generateHashCode(EntityKey.java:76)
	at org.hibernate.engine.spi.EntityKey.<init>(EntityKey.java:71)
	at org.hibernate.internal.AbstractSessionImpl.generateEntityKey(AbstractSessionImpl.java:327)
	at org.hibernate.event.internal.AbstractSaveEventListener.performSave(AbstractSaveEventListener.java:174)
	at org.hibernate.event.internal.AbstractSaveEventListener.saveWithGeneratedId(AbstractSaveEventListener.java:137)
	at org.hibernate.event.internal.DefaultSaveOrUpdateEventListener.saveWithGeneratedOrRequestedId(DefaultSaveOrUpdateEventListener.java:209)
	at org.hibernate.event.internal.DefaultSaveEventListener.saveWithGeneratedOrRequestedId(DefaultSaveEventListener.java:55)
	at org.hibernate.event.internal.DefaultSaveOrUpdateEventListener.entityIsTransient(DefaultSaveOrUpdateEventListener.java:194)
	at org.hibernate.event.internal.DefaultSaveEventListener.performSaveOrUpdate(DefaultSaveEventListener.java:49)
	at org.hibernate.event.internal.DefaultSaveOrUpdateEventListener.onSaveOrUpdate(DefaultSaveOrUpdateEventListener.java:90)
	at org.hibernate.internal.SessionImpl.fireSave(SessionImpl.java:715)
	at org.hibernate.internal.SessionImpl.save(SessionImpl.java:707)
	at org.hibernate.internal.SessionImpl.save(SessionImpl.java:702)
	at org.codehaus.groovy.grails.orm.hibernate.metaclass.SavePersistentMethod$2.doInHibernate(SavePersistentMethod.java:73)
	at org.codehaus.groovy.grails.orm.hibernate.GrailsHibernateTemplate.doExecute(GrailsHibernateTemplate.java:188)
	at org.codehaus.groovy.grails.orm.hibernate.GrailsHibernateTemplate.execute(GrailsHibernateTemplate.java:132)
	at org.codehaus.groovy.grails.orm.hibernate.metaclass.SavePersistentMethod.performInsert(SavePersistentMethod.java:69)
	at org.codehaus.groovy.grails.orm.hibernate.metaclass.AbstractSavePersistentMethod.doInvokeInternal(AbstractSavePersistentMethod.java:212)
	at org.codehaus.groovy.grails.orm.hibernate.metaclass.AbstractDynamicPersistentMethod.invoke(AbstractDynamicPersistentMethod.java:69)
	at org.codehaus.groovy.grails.orm.hibernate.HibernateGormInstanceApi.save(HibernateGormInstanceApi.groovy:196)
	at greforco.UserRole.save(UserRole.groovy)
	at greforco.UserRole$save$0.call(Unknown Source)
	at org.codehaus.groovy.runtime.callsite.CallSiteArray.defaultCall(CallSiteArray.java:45)
	at org.codehaus.groovy.runtime.callsite.AbstractCallSite.call(AbstractCallSite.java:108)
	at org.codehaus.groovy.runtime.callsite.AbstractCallSite.call(AbstractCallSite.java:116)
	at greforco.UserRole.create(UserRole.groovy:56)
	at greforco.UserRole$create.call(Unknown Source)
	at org.codehaus.groovy.runtime.callsite.CallSiteArray.defaultCall(CallSiteArray.java:45)
	at org.codehaus.groovy.runtime.callsite.AbstractCallSite.call(AbstractCallSite.java:108)
	at org.codehaus.groovy.runtime.callsite.AbstractCallSite.call(AbstractCallSite.java:124)
	at BootStrap$_closure1.doCall(BootStrap.groovy:16)
	at sun.reflect.NativeMethodAccessorImpl.invoke0(Native Method)
	at sun.reflect.NativeMethodAccessorImpl.invoke(NativeMethodAccessorImpl.java:57)
	at sun.reflect.DelegatingMethodAccessorImpl.invoke(DelegatingMethodAccessorImpl.java:43)
	at java.lang.reflect.Method.invoke(Method.java:606)
	at org.springsource.loaded.ri.ReflectiveInterceptor.jlrMethodInvoke(ReflectiveInterceptor.java:1270)
	at org.codehaus.groovy.reflection.CachedMethod.invoke(CachedMethod.java:90)
	at groovy.lang.MetaMethod.doMethodInvoke(MetaMethod.java:324)
	at groovy.lang.MetaClassImpl.invokeMethod(MetaClassImpl.java:1206)
	at groovy.lang.ExpandoMetaClass.invokeMethod(ExpandoMetaClass.java:1120)
	at groovy.lang.MetaClassImpl.invokeMethod(MetaClassImpl.java:1015)
	at groovy.lang.MetaClassImpl.invokeMethod(MetaClassImpl.java:1080)
	at groovy.lang.ExpandoMetaClass.invokeMethod(ExpandoMetaClass.java:1120)
	at groovy.lang.MetaClassImpl.invokeMethod(MetaClassImpl.java:1015)
	at groovy.lang.Closure.call(Closure.java:423)
	at groovy.lang.Closure.call(Closure.java:417)
	at grails.util.Environment.evaluateEnvironmentSpecificBlock(Environment.java:327)
	at grails.util.Environment.executeForEnvironment(Environment.java:320)
	at grails.util.Environment.executeForCurrentEnvironment(Environment.java:296)
	at org.codehaus.groovy.grails.commons.DefaultGrailsBootstrapClass.callInit(DefaultGrailsBootstrapClass.java:60)
	at org.codehaus.groovy.grails.web.context.GrailsConfigUtils.executeGrailsBootstraps(GrailsConfigUtils.java:78)
	at org.codehaus.groovy.grails.web.context.GrailsContextLoaderListener.initWebApplicationContext(GrailsContextLoaderListener.java:110)
	at org.springframework.web.context.ContextLoaderListener.contextInitialized(ContextLoaderListener.java:106)
	at org.apache.catalina.core.StandardContext.listenerStart(StandardContext.java:4992)
	at org.apache.catalina.core.StandardContext.startInternal(StandardContext.java:5490)
	at org.apache.catalina.util.LifecycleBase.start(LifecycleBase.java:150)
	at org.apache.catalina.core.ContainerBase$StartChild.call(ContainerBase.java:1575)
	at org.apache.catalina.core.ContainerBase$StartChild.call(ContainerBase.java:1565)
	at java.util.concurrent.FutureTask.run(FutureTask.java:262)
	at java.util.concurrent.ThreadPoolExecutor.runWorker(ThreadPoolExecutor.java:1145)
	at java.util.concurrent.ThreadPoolExecutor$Worker.run(ThreadPoolExecutor.java:615)
	at java.lang.Thread.run(Thread.java:745)
2015-08-12 16:15:23,105 [localhost-startStop-1] ERROR StackTrace  - Full Stack Trace:
java.lang.NullPointerException
	at greforco.UserRole.create(UserRole.groovy:56)
	at BootStrap$_closure1.doCall(BootStrap.groovy:16)
	at grails.util.Environment.evaluateEnvironmentSpecificBlock(Environment.java:327)
	at grails.util.Environment.executeForEnvironment(Environment.java:320)
	at grails.util.Environment.executeForCurrentEnvironment(Environment.java:296)
	at java.util.concurrent.FutureTask.run(FutureTask.java:262)
	at java.util.concurrent.ThreadPoolExecutor.runWorker(ThreadPoolExecutor.java:1145)
	at java.util.concurrent.ThreadPoolExecutor$Worker.run(ThreadPoolExecutor.java:615)
	at java.lang.Thread.run(Thread.java:745)
2015-08-12 16:15:23,105 [localhost-startStop-1] ERROR StackTrace  - Full Stack Trace:
java.lang.NullPointerException
	at greforco.UserRole.create(UserRole.groovy:56)
	at BootStrap$_closure1.doCall(BootStrap.groovy:16)
	at grails.util.Environment.evaluateEnvironmentSpecificBlock(Environment.java:327)
	at grails.util.Environment.executeForEnvironment(Environment.java:320)
	at grails.util.Environment.executeForCurrentEnvironment(Environment.java:296)
	at java.util.concurrent.FutureTask.run(FutureTask.java:262)
	at java.util.concurrent.ThreadPoolExecutor.runWorker(ThreadPoolExecutor.java:1145)
	at java.util.concurrent.ThreadPoolExecutor$Worker.run(ThreadPoolExecutor.java:615)
	at java.lang.Thread.run(Thread.java:745)
2015-08-12 16:15:23,105 [localhost-startStop-1] ERROR StackTrace  - Full Stack Trace:
java.lang.NullPointerException
	at greforco.UserRole.create(UserRole.groovy:56)
	at BootStrap$_closure1.doCall(BootStrap.groovy:16)
	at grails.util.Environment.evaluateEnvironmentSpecificBlock(Environment.java:327)
	at grails.util.Environment.executeForEnvironment(Environment.java:320)
	at grails.util.Environment.executeForCurrentEnvironment(Environment.java:296)
	at java.util.concurrent.FutureTask.run(FutureTask.java:262)
	at java.util.concurrent.ThreadPoolExecutor.runWorker(ThreadPoolExecutor.java:1145)
	at java.util.concurrent.ThreadPoolExecutor$Worker.run(ThreadPoolExecutor.java:615)
	at java.lang.Thread.run(Thread.java:745)
2015-08-12 16:15:23,105 [localhost-startStop-1] ERROR StackTrace  - Full Stack Trace:
java.lang.NullPointerException
	at greforco.UserRole.create(UserRole.groovy:56)
	at BootStrap$_closure1.doCall(BootStrap.groovy:16)
	at grails.util.Environment.evaluateEnvironmentSpecificBlock(Environment.java:327)
	at grails.util.Environment.executeForEnvironment(Environment.java:320)
	at grails.util.Environment.executeForCurrentEnvironment(Environment.java:296)
	at java.util.concurrent.FutureTask.run(FutureTask.java:262)
	at java.util.concurrent.ThreadPoolExecutor.runWorker(ThreadPoolExecutor.java:1145)
	at java.util.concurrent.ThreadPoolExecutor$Worker.run(ThreadPoolExecutor.java:615)
	at java.lang.Thread.run(Thread.java:745)
2015-08-12 16:15:23,105 [localhost-startStop-1] ERROR StackTrace  - Full Stack Trace:
java.lang.NullPointerException
	at greforco.UserRole.create(UserRole.groovy:56)
	at BootStrap$_closure1.doCall(BootStrap.groovy:16)
	at grails.util.Environment.evaluateEnvironmentSpecificBlock(Environment.java:327)
	at grails.util.Environment.executeForEnvironment(Environment.java:320)
	at grails.util.Environment.executeForCurrentEnvironment(Environment.java:296)
	at java.util.concurrent.FutureTask.run(FutureTask.java:262)
	at java.util.concurrent.ThreadPoolExecutor.runWorker(ThreadPoolExecutor.java:1145)
	at java.util.concurrent.ThreadPoolExecutor$Worker.run(ThreadPoolExecutor.java:615)
	at java.lang.Thread.run(Thread.java:745)
